<?xml version="1.0" encoding="UTF-8"?>
<testng-results ignored="0" total="3" passed="2" failed="1" skipped="0">
  <reporter-output>
  </reporter-output>
  <suite started-at="2022-11-01T21:30:34 WET" name="Default suite" finished-at="2022-11-01T21:30:38 WET" duration-ms="3026">
    <groups>
    </groups>
    <test started-at="2022-11-01T21:30:34 WET" name="Default test" finished-at="2022-11-01T21:30:38 WET" duration-ms="3026">
      <class name="com.test.airline.proj.TestContols">
        <test-method is-config="true" signature="testAPI()[pri:0, instance:com.test.airline.proj.TestContols@223aa2f7]" started-at="2022-11-01T21:30:35 WET" name="testAPI" finished-at="2022-11-01T21:30:35 WET" duration-ms="819" status="PASS">
          <reporter-output>
          </reporter-output>
        </test-method> <!-- testAPI -->
        <test-method signature="getAllFlight()[pri:0, instance:com.test.airline.proj.TestContols@223aa2f7]" started-at="2022-11-01T21:30:35 WET" name="getAllFlight" finished-at="2022-11-01T21:30:37 WET" duration-ms="2061" status="PASS">
          <reporter-output>
          </reporter-output>
        </test-method> <!-- getAllFlight -->
        <test-method signature="getFlight_Departure()[pri:0, instance:com.test.airline.proj.TestContols@223aa2f7]" started-at="2022-11-01T21:30:37 WET" name="getFlight_Departure" finished-at="2022-11-01T21:30:37 WET" duration-ms="35" status="PASS">
          <reporter-output>
          </reporter-output>
        </test-method> <!-- getFlight_Departure -->
        <test-method signature="getFlight_Departure_OnlySelectedCity()[pri:0, instance:com.test.airline.proj.TestContols@223aa2f7]" started-at="2022-11-01T21:30:37 WET" name="getFlight_Departure_OnlySelectedCity" finished-at="2022-11-01T21:30:37 WET" duration-ms="54" status="FAIL">
          <exception class="java.lang.NumberFormatException">
            <message>
              <![CDATA[For input string: "[]"]]>
            </message>
            <full-stacktrace>
              <![CDATA[java.lang.NumberFormatException: For input string: "[]"
at java.base/java.lang.NumberFormatException.forInputString(NumberFormatException.java:67)
at java.base/java.lang.Integer.parseInt(Integer.java:668)
at java.base/java.lang.Integer.parseInt(Integer.java:784)
at java_lang_Integer$parseInt.call(Unknown Source)
at org.codehaus.groovy.runtime.callsite.CallSiteArray.defaultCall(CallSiteArray.java:47)
at org.codehaus.groovy.runtime.callsite.AbstractCallSite.call(AbstractCallSite.java:125)
at org.codehaus.groovy.runtime.callsite.AbstractCallSite.call(AbstractCallSite.java:139)
at io.restassured.internal.common.path.ObjectConverter.convertObjectTo(ObjectConverter.groovy:29)
at io.restassured.path.json.JsonPath.getInt(JsonPath.java:245)
at com.test.airline.proj.TestContols.getFlight_Departure_OnlySelectedCity(TestContols.java:60)
at java.base/jdk.internal.reflect.DirectMethodHandleAccessor.invoke(DirectMethodHandleAccessor.java:104)
at java.base/java.lang.reflect.Method.invoke(Method.java:577)
at org.testng.internal.MethodInvocationHelper.invokeMethod(MethodInvocationHelper.java:133)
at org.testng.internal.TestInvoker.invokeMethod(TestInvoker.java:598)
at org.testng.internal.TestInvoker.invokeTestMethod(TestInvoker.java:173)
at org.testng.internal.MethodRunner.runInSequence(MethodRunner.java:46)
at org.testng.internal.TestInvoker$MethodInvocationAgent.invoke(TestInvoker.java:824)
at org.testng.internal.TestInvoker.invokeTestMethods(TestInvoker.java:146)
at org.testng.internal.TestMethodWorker.invokeTestMethods(TestMethodWorker.java:146)
at org.testng.internal.TestMethodWorker.run(TestMethodWorker.java:128)
at java.base/java.util.ArrayList.forEach(ArrayList.java:1511)
at org.testng.TestRunner.privateRun(TestRunner.java:794)
at org.testng.TestRunner.run(TestRunner.java:596)
at org.testng.SuiteRunner.runTest(SuiteRunner.java:377)
at org.testng.SuiteRunner.runSequentially(SuiteRunner.java:371)
at org.testng.SuiteRunner.privateRun(SuiteRunner.java:332)
at org.testng.SuiteRunner.run(SuiteRunner.java:276)
at org.testng.SuiteRunnerWorker.runSuite(SuiteRunnerWorker.java:53)
at org.testng.SuiteRunnerWorker.run(SuiteRunnerWorker.java:96)
at org.testng.TestNG.runSuitesSequentially(TestNG.java:1212)
at org.testng.TestNG.runSuitesLocally(TestNG.java:1134)
at org.testng.TestNG.runSuites(TestNG.java:1063)
at org.testng.TestNG.run(TestNG.java:1031)
at org.testng.remote.AbstractRemoteTestNG.run(AbstractRemoteTestNG.java:115)
at org.testng.remote.RemoteTestNG.initAndRun(RemoteTestNG.java:251)
at org.testng.remote.RemoteTestNG.main(RemoteTestNG.java:77)
]]>
            </full-stacktrace>
          </exception> <!-- java.lang.NumberFormatException -->
          <reporter-output>
          </reporter-output>
        </test-method> <!-- getFlight_Departure_OnlySelectedCity -->
      </class> <!-- com.test.airline.proj.TestContols -->
    </test> <!-- Default test -->
  </suite> <!-- Default suite -->
</testng-results>
