<?xml version="1.0" encoding="UTF-8"?>
<testng-results ignored="0" total="4" passed="4" failed="0" skipped="0">
  <reporter-output>
  </reporter-output>
  <suite started-at="2022-11-02T13:59:10 WET" name="Default suite" finished-at="2022-11-02T13:59:12 WET" duration-ms="1577">
    <groups>
    </groups>
    <test started-at="2022-11-02T13:59:10 WET" name="Default test" finished-at="2022-11-02T13:59:12 WET" duration-ms="1577">
      <class name="com.test.airline.proj.TestContols">
        <test-method is-config="true" signature="testAPI()[pri:0, instance:com.test.airline.proj.TestContols@d29f28]" started-at="2022-11-02T13:59:10 WET" name="testAPI" finished-at="2022-11-02T13:59:11 WET" duration-ms="345" status="PASS">
          <reporter-output>
          </reporter-output>
        </test-method> <!-- testAPI -->
        <test-method signature="getAllFlight()[pri:0, instance:com.test.airline.proj.TestContols@d29f28]" started-at="2022-11-02T13:59:11 WET" name="getAllFlight" finished-at="2022-11-02T13:59:11 WET" duration-ms="875" status="PASS">
          <reporter-output>
          </reporter-output>
        </test-method> <!-- getAllFlight -->
        <test-method signature="getFlight_Departure()[pri:0, instance:com.test.airline.proj.TestContols@d29f28]" started-at="2022-11-02T13:59:11 WET" name="getFlight_Departure" finished-at="2022-11-02T13:59:11 WET" duration-ms="20" status="PASS">
          <reporter-output>
          </reporter-output>
        </test-method> <!-- getFlight_Departure -->
        <test-method signature="getFlight_Departure_Arrival()[pri:0, instance:com.test.airline.proj.TestContols@d29f28]" started-at="2022-11-02T13:59:11 WET" name="getFlight_Departure_Arrival" finished-at="2022-11-02T13:59:12 WET" duration-ms="216" status="PASS">
          <reporter-output>
          </reporter-output>
        </test-method> <!-- getFlight_Departure_Arrival -->
        <test-method signature="getFlight_Departure_OnlySelectedCity()[pri:0, instance:com.test.airline.proj.TestContols@d29f28]" started-at="2022-11-02T13:59:12 WET" name="getFlight_Departure_OnlySelectedCity" finished-at="2022-11-02T13:59:12 WET" duration-ms="97" status="PASS">
          <reporter-output>
          </reporter-output>
        </test-method> <!-- getFlight_Departure_OnlySelectedCity -->
      </class> <!-- com.test.airline.proj.TestContols -->
    </test> <!-- Default test -->
  </suite> <!-- Default suite -->
</testng-results>
