<?xml version="1.0" encoding="UTF-8"?>
<!-- Generated by org.testng.reporters.JUnitXMLReporter -->
<testsuite ignored="0" hostname="DESKTOP-C3CR4CN" failures="0" tests="4" name="Default test" time="1.986" errors="0" timestamp="2022-11-02T15:04:00 WET">
  <testcase classname="com.test.airline.proj.TestContols" name="getAllFlight" time="1.136"/>
  <testcase classname="com.test.airline.proj.TestContols" name="getFlight_Departure" time="0.031"/>
  <testcase classname="com.test.airline.proj.TestContols" name="getFlight_Departure_Arrival" time="0.27"/>
  <testcase classname="com.test.airline.proj.TestContols" name="getFlight_Departure_OnlySelectedCity" time="0.11"/>
</testsuite> <!-- Default test -->
