<?xml version="1.0" encoding="UTF-8"?>
<!-- Generated by org.testng.reporters.JUnitXMLReporter -->
<testsuite ignored="0" hostname="DESKTOP-C3CR4CN" failures="0" tests="4" name="Default test" time="1.577" errors="0" timestamp="2022-11-02T13:59:12 WET">
  <testcase classname="com.test.airline.proj.TestContols" name="getAllFlight" time="0.875"/>
  <testcase classname="com.test.airline.proj.TestContols" name="getFlight_Departure" time="0.02"/>
  <testcase classname="com.test.airline.proj.TestContols" name="getFlight_Departure_Arrival" time="0.216"/>
  <testcase classname="com.test.airline.proj.TestContols" name="getFlight_Departure_OnlySelectedCity" time="0.097"/>
</testsuite> <!-- Default test -->
